[2021-10-10 19:23:26] [INFO]    [OmnipathR] Initialized cache: `C:\Users\pathology\AppData\Local\cache\OmnipathR`.
[2021-10-10 19:23:26] [INFO]    [OmnipathR] Welcome to OmnipathR!
[2021-10-10 19:23:52] [INFO]    [OmnipathR] Cache record does not exist: `https://omnipathdb.org/interactions?genesymbols=yes&datasets=omnipath&organisms=9606&fields=sources,references,curation_effort&license=academic`
[2021-10-10 19:23:52] [INFO]    [OmnipathR] Retrieving URL: `https://omnipathdb.org/interactions?genesymbols=yes&datasets=omnipath&organisms=9606&fields=sources,references,curation_effort&license=academic`
[2021-10-10 19:23:52] [TRACE]   [OmnipathR] Attempt 1/3: `https://omnipathdb.org/interactions?genesymbols=yes&datasets=omnipath&organisms=9606&fields=sources,references,curation_effort&license=academic`
[2021-10-10 19:23:54] [INFO]    [OmnipathR] Cache item `a7b21d9d80a3837a50268df16d168128fc1c6ede` version 1: status changed from `unknown` to `started`.
[2021-10-10 19:23:54] [TRACE]   [OmnipathR] Exporting object to RDS: `C:\Users\pathology\AppData\Local\cache\OmnipathR/a7b21d9d80a3837a50268df16d168128fc1c6ede-1.rds`.
[2021-10-10 19:23:55] [TRACE]   [OmnipathR] Exported RDS to `C:\Users\pathology\AppData\Local\cache\OmnipathR/a7b21d9d80a3837a50268df16d168128fc1c6ede-1.rds`.
[2021-10-10 19:23:55] [INFO]    [OmnipathR] Download ready [key=a7b21d9d80a3837a50268df16d168128fc1c6ede, version=1]
[2021-10-10 19:23:55] [INFO]    [OmnipathR] Cache item `a7b21d9d80a3837a50268df16d168128fc1c6ede` version 1: status changed from `started` to `ready`.
[2021-10-10 19:23:55] [SUCCESS] [OmnipathR] Downloaded 37957 interactions.
[2021-10-10 19:31:22] [TRACE]   [OmnipathR] Loaded data from RDS `C:\Users\pathology\AppData\Local\cache\OmnipathR/a7b21d9d80a3837a50268df16d168128fc1c6ede-1.rds`.
[2021-10-10 19:31:22] [INFO]    [OmnipathR] Loaded from cache: `https://omnipathdb.org/interactions?genesymbols=yes&datasets=omnipath&organisms=9606&fields=sources,references,curation_effort&license=academic`
[2021-10-10 19:31:22] [SUCCESS] [OmnipathR] Loaded 37957 interactions from cache.
[2021-10-10 20:28:30] [TRACE]   [OmnipathR] Loaded data from RDS `C:\Users\pathology\AppData\Local\cache\OmnipathR/a7b21d9d80a3837a50268df16d168128fc1c6ede-1.rds`.
[2021-10-10 20:28:30] [INFO]    [OmnipathR] Loaded from cache: `https://omnipathdb.org/interactions?genesymbols=yes&datasets=omnipath&organisms=9606&fields=sources,references,curation_effort&license=academic`
[2021-10-10 20:28:31] [SUCCESS] [OmnipathR] Loaded 37957 interactions from cache.
[2021-10-10 20:28:31] [TRACE]   [OmnipathR] Loaded data from RDS `C:\Users\pathology\AppData\Local\cache\OmnipathR/a7b21d9d80a3837a50268df16d168128fc1c6ede-1.rds`.
[2021-10-10 20:28:31] [INFO]    [OmnipathR] Loaded from cache: `https://omnipathdb.org/interactions?genesymbols=yes&datasets=omnipath&organisms=9606&fields=sources,references,curation_effort&license=academic`
[2021-10-10 20:28:32] [SUCCESS] [OmnipathR] Loaded 37957 interactions from cache.
[2021-10-10 20:29:18] [TRACE]   [OmnipathR] Loaded data from RDS `C:\Users\pathology\AppData\Local\cache\OmnipathR/a7b21d9d80a3837a50268df16d168128fc1c6ede-1.rds`.
[2021-10-10 20:29:18] [INFO]    [OmnipathR] Loaded from cache: `https://omnipathdb.org/interactions?genesymbols=yes&datasets=omnipath&organisms=9606&fields=sources,references,curation_effort&license=academic`
[2021-10-10 20:29:18] [SUCCESS] [OmnipathR] Loaded 37957 interactions from cache.
[2021-10-10 20:33:58] [TRACE]   [OmnipathR] Loaded data from RDS `C:\Users\pathology\AppData\Local\cache\OmnipathR/a7b21d9d80a3837a50268df16d168128fc1c6ede-1.rds`.
[2021-10-10 20:33:58] [INFO]    [OmnipathR] Loaded from cache: `https://omnipathdb.org/interactions?genesymbols=yes&datasets=omnipath&organisms=9606&fields=sources,references,curation_effort&license=academic`
[2021-10-10 20:33:58] [SUCCESS] [OmnipathR] Loaded 37957 interactions from cache.
[2021-10-10 20:44:57] [TRACE]   [OmnipathR] Loaded data from RDS `C:\Users\pathology\AppData\Local\cache\OmnipathR/a7b21d9d80a3837a50268df16d168128fc1c6ede-1.rds`.
[2021-10-10 20:44:57] [INFO]    [OmnipathR] Loaded from cache: `https://omnipathdb.org/interactions?genesymbols=yes&datasets=omnipath&organisms=9606&fields=sources,references,curation_effort&license=academic`
[2021-10-10 20:44:57] [SUCCESS] [OmnipathR] Loaded 37957 interactions from cache.
